#
# There is insufficient memory for the Java Runtime Environment to continue.
# Native memory allocation (malloc) failed to allocate 837424 bytes for Chunk::new
# Possible reasons:
#   The system is out of physical RAM or swap space
#   The process is running with CompressedOops enabled, and the Java Heap may be blocking the growth of the native heap
# Possible solutions:
#   Reduce memory load on the system
#   Increase physical memory or swap space
#   Check if swap backing store is full
#   Decrease Java heap size (-Xmx/-Xms)
#   Decrease number of Java threads
#   Decrease Java thread stack sizes (-Xss)
#   Set larger code cache with -XX:ReservedCodeCacheSize=
#   JVM is running with Unscaled Compressed Oops mode in which the Java heap is
#     placed in the first 4GB address space. The Java Heap base address is the
#     maximum limit for the native heap growth. Please use -XX:HeapBaseMinAddress
#     to set the Java Heap base and to place the Java Heap above 4GB virtual address.
# This output file may be truncated or incomplete.
#
#  Out of Memory Error (arena.cpp:189), pid=34824, tid=10900
#
# JRE version: OpenJDK Runtime Environment (17.0.7) (build 17.0.7+0-b2043.56-10550314)
# Java VM: OpenJDK 64-Bit Server VM (17.0.7+0-b2043.56-10550314, mixed mode, tiered, compressed oops, compressed class ptrs, g1 gc, windows-amd64)
# No core dump will be written. Minidumps are not enabled by default on client versions of Windows
#

---------------  S U M M A R Y ------------

Command Line: --add-opens=java.base/java.util=ALL-UNNAMED --add-opens=java.base/java.lang=ALL-UNNAMED --add-opens=java.base/java.lang.invoke=ALL-UNNAMED --add-opens=java.prefs/java.util.prefs=ALL-UNNAMED --add-opens=java.base/java.nio.charset=ALL-UNNAMED --add-opens=java.base/java.net=ALL-UNNAMED --add-opens=java.base/java.util.concurrent.atomic=ALL-UNNAMED -Xmx2048m -Dfile.encoding=UTF-8 -Duser.country=IN -Duser.language=en -Duser.variant -javaagent:C:\Users\NR\.gradle\wrapper\dists\gradle-8.7-bin\bhs2wmbdwecv87pi65oeuq5iu\gradle-8.7\lib\agents\gradle-instrumentation-agent-8.7.jar org.gradle.launcher.daemon.bootstrap.GradleDaemon 8.7

Host: AMD Ryzen 5 5500U with Radeon Graphics         , 12 cores, 7G,  Windows 11 , 64 bit Build 22621 (10.0.22621.4391)
Time: Fri Jan  3 11:36:40 2025 India Standard Time elapsed time: 8.988478 seconds (0d 0h 0m 8s)

---------------  T H R E A D  ---------------

Current thread (0x000001b37ca1eee0):  JavaThread "C2 CompilerThread0" daemon [_thread_in_native, id=10900, stack(0x0000000467b00000,0x0000000467c00000)]


Current CompileTask:
C2:   8988 6313       4       java.util.zip.ZipFile$Source::initCEN (591 bytes)

Stack: [0x0000000467b00000,0x0000000467c00000]
Native frames: (J=compiled Java code, j=interpreted, Vv=VM code, C=native code)
V  [jvm.dll+0x683bfa]
V  [jvm.dll+0x8430a4]
V  [jvm.dll+0x8449be]
V  [jvm.dll+0x845023]
V  [jvm.dll+0x24ad2f]
V  [jvm.dll+0xac25c]
V  [jvm.dll+0xac82c]
V  [jvm.dll+0x36a187]
V  [jvm.dll+0x334821]
V  [jvm.dll+0x333cca]
V  [jvm.dll+0x21d251]
V  [jvm.dll+0x21c671]
V  [jvm.dll+0x1a605d]
V  [jvm.dll+0x22c148]
V  [jvm.dll+0x22a209]
V  [jvm.dll+0x7f858c]
V  [jvm.dll+0x7f2aea]
V  [jvm.dll+0x682a35]
C  [ucrtbase.dll+0x29333]
C  [KERNEL32.DLL+0x1259d]
C  [ntdll.dll+0x5af38]


---------------  P R O C E S S  ---------------

Threads class SMR info:
_java_thread_list=0x000001b37f2e2a50, length=57, elements={
0x000001b3625ffec0, 0x000001b37c8940c0, 0x000001b37c8ac870, 0x000001b37ca16970,
0x000001b37ca17b00, 0x000001b37ca1a720, 0x000001b37ca1b4e0, 0x000001b37ca1eee0,
0x000001b37ca21bc0, 0x000001b37ca229c0, 0x000001b37c82bb30, 0x000001b37cc81e80,
0x000001b37e19f3e0, 0x000001b37df2f790, 0x000001b37e28c730, 0x000001b37e75f5d0,
0x000001b37de67fe0, 0x000001b37e2e4850, 0x000001b37eb84d50, 0x000001b37eb82ba0,
0x000001b37eb84880, 0x000001b37eb843b0, 0x000001b37eb83070, 0x000001b37eb85bc0,
0x000001b37eb86090, 0x000001b37eb83540, 0x000001b37eb86560, 0x000001b37eb83a10,
0x000001b37eb85220, 0x000001b37eb83ee0, 0x000001b37eb856f0, 0x000001b3046be2a0,
0x000001b3046bc0f0, 0x000001b3046bb750, 0x000001b3046bddd0, 0x000001b3046bf5e0,
0x000001b3046be770, 0x000001b3046c0920, 0x000001b3046ba8e0, 0x000001b3046ba410,
0x000001b3046bfab0, 0x000001b3046bbc20, 0x000001b3046bca90, 0x000001b3046bff80,
0x000001b3046bc5c0, 0x000001b3046bcf60, 0x000001b3046c0450, 0x000001b3046b9f40,
0x000001b3046c0df0, 0x000001b3046b95a0, 0x000001b3046b9a70, 0x000001b37df69a30,
0x000001b37df69090, 0x000001b37df69f00, 0x000001b37df6c580, 0x000001b37df6c0b0,
0x000001b37df6ca50
}

Java Threads: ( => current thread )
  0x000001b3625ffec0 JavaThread "main" [_thread_blocked, id=33044, stack(0x0000000466e00000,0x0000000466f00000)]
  0x000001b37c8940c0 JavaThread "Reference Handler" daemon [_thread_blocked, id=196, stack(0x0000000467500000,0x0000000467600000)]
  0x000001b37c8ac870 JavaThread "Finalizer" daemon [_thread_blocked, id=11892, stack(0x0000000467600000,0x0000000467700000)]
  0x000001b37ca16970 JavaThread "Signal Dispatcher" daemon [_thread_blocked, id=1304, stack(0x0000000467700000,0x0000000467800000)]
  0x000001b37ca17b00 JavaThread "Attach Listener" daemon [_thread_blocked, id=33940, stack(0x0000000467800000,0x0000000467900000)]
  0x000001b37ca1a720 JavaThread "Service Thread" daemon [_thread_blocked, id=33836, stack(0x0000000467900000,0x0000000467a00000)]
  0x000001b37ca1b4e0 JavaThread "Monitor Deflation Thread" daemon [_thread_blocked, id=38108, stack(0x0000000467a00000,0x0000000467b00000)]
=>0x000001b37ca1eee0 JavaThread "C2 CompilerThread0" daemon [_thread_in_native, id=10900, stack(0x0000000467b00000,0x0000000467c00000)]
  0x000001b37ca21bc0 JavaThread "C1 CompilerThread0" daemon [_thread_blocked, id=35132, stack(0x0000000467c00000,0x0000000467d00000)]
  0x000001b37ca229c0 JavaThread "Sweeper thread" daemon [_thread_blocked, id=9480, stack(0x0000000467d00000,0x0000000467e00000)]
  0x000001b37c82bb30 JavaThread "Common-Cleaner" daemon [_thread_blocked, id=36584, stack(0x0000000467e00000,0x0000000467f00000)]
  0x000001b37cc81e80 JavaThread "Notification Thread" daemon [_thread_blocked, id=33684, stack(0x0000000467f00000,0x0000000468000000)]
  0x000001b37e19f3e0 JavaThread "Daemon health stats" [_thread_blocked, id=19764, stack(0x0000000468500000,0x0000000468600000)]
  0x000001b37df2f790 JavaThread "Incoming local TCP Connector on port 50618" [_thread_in_native, id=23804, stack(0x0000000468600000,0x0000000468700000)]
  0x000001b37e28c730 JavaThread "Daemon periodic checks" [_thread_blocked, id=38608, stack(0x0000000468700000,0x0000000468800000)]
  0x000001b37e75f5d0 JavaThread "Daemon" [_thread_blocked, id=1524, stack(0x0000000468800000,0x0000000468900000)]
  0x000001b37de67fe0 JavaThread "Handler for socket connection from /127.0.0.1:50618 to /127.0.0.1:50619" [_thread_in_native, id=38564, stack(0x0000000468900000,0x0000000468a00000)]
  0x000001b37e2e4850 JavaThread "Cancel handler" [_thread_blocked, id=22272, stack(0x0000000468a00000,0x0000000468b00000)]
  0x000001b37eb84d50 JavaThread "Daemon worker" [_thread_in_native, id=28100, stack(0x0000000468b00000,0x0000000468c00000)]
  0x000001b37eb82ba0 JavaThread "Asynchronous log dispatcher for DefaultDaemonConnection: socket connection from /127.0.0.1:50618 to /127.0.0.1:50619" [_thread_blocked, id=37488, stack(0x0000000468c00000,0x0000000468d00000)]
  0x000001b37eb84880 JavaThread "Stdin handler" [_thread_blocked, id=36312, stack(0x0000000468d00000,0x0000000468e00000)]
  0x000001b37eb843b0 JavaThread "Daemon client event forwarder" [_thread_blocked, id=22240, stack(0x0000000468e00000,0x0000000468f00000)]
  0x000001b37eb83070 JavaThread "Cache worker for journal cache (C:\Users\NR\.gradle\caches\journal-1)" [_thread_blocked, id=29456, stack(0x0000000469600000,0x0000000469700000)]
  0x000001b37eb85bc0 JavaThread "File lock request listener" [_thread_in_native, id=8084, stack(0x0000000469700000,0x0000000469800000)]
  0x000001b37eb86090 JavaThread "Cache worker for file hash cache (C:\Users\NR\.gradle\caches\8.7\fileHashes)" [_thread_blocked, id=14140, stack(0x0000000469800000,0x0000000469900000)]
  0x000001b37eb83540 JavaThread "Cache worker for file hash cache (E:\tempexamp\MyExamApp\MyExamApp\.gradle\8.7\fileHashes)" [_thread_blocked, id=38836, stack(0x0000000469900000,0x0000000469a00000)]
  0x000001b37eb86560 JavaThread "File watcher server" daemon [_thread_in_native, id=19736, stack(0x0000000469a00000,0x0000000469b00000)]
  0x000001b37eb83a10 JavaThread "File watcher consumer" daemon [_thread_blocked, id=11252, stack(0x0000000469b00000,0x0000000469c00000)]
  0x000001b37eb85220 JavaThread "Cache worker for checksums cache (E:\tempexamp\MyExamApp\MyExamApp\.gradle\8.7\checksums)" [_thread_blocked, id=11468, stack(0x0000000469c00000,0x0000000469d00000)]
  0x000001b37eb83ee0 JavaThread "Cache worker for cache directory md-supplier (C:\Users\NR\.gradle\caches\8.7\md-supplier)" [_thread_blocked, id=34116, stack(0x0000000469d00000,0x0000000469e00000)]
  0x000001b37eb856f0 JavaThread "Cache worker for cache directory md-rule (C:\Users\NR\.gradle\caches\8.7\md-rule)" [_thread_blocked, id=34656, stack(0x0000000469e00000,0x0000000469f00000)]
  0x000001b3046be2a0 JavaThread "Cache worker for file content cache (C:\Users\NR\.gradle\caches\8.7\fileContent)" [_thread_blocked, id=16268, stack(0x0000000469f00000,0x000000046a000000)]
  0x000001b3046bc0f0 JavaThread "jar transforms" [_thread_blocked, id=36596, stack(0x000000046a000000,0x000000046a100000)]
  0x000001b3046bb750 JavaThread "jar transforms Thread 2" [_thread_blocked, id=28360, stack(0x000000046a100000,0x000000046a200000)]
  0x000001b3046bddd0 JavaThread "Cache worker for Build Output Cleanup Cache (E:\tempexamp\MyExamApp\MyExamApp\.gradle\buildOutputCleanup)" [_thread_blocked, id=13564, stack(0x000000046a200000,0x000000046a300000)]
  0x000001b3046bf5e0 JavaThread "Unconstrained build operations" [_thread_blocked, id=27576, stack(0x000000046a300000,0x000000046a400000)]
  0x000001b3046be770 JavaThread "Unconstrained build operations Thread 2" [_thread_blocked, id=24824, stack(0x000000046a400000,0x000000046a500000)]
  0x000001b3046c0920 JavaThread "Unconstrained build operations Thread 3" [_thread_blocked, id=28160, stack(0x000000046a500000,0x000000046a600000)]
  0x000001b3046ba8e0 JavaThread "Unconstrained build operations Thread 4" [_thread_blocked, id=1720, stack(0x000000046a600000,0x000000046a700000)]
  0x000001b3046ba410 JavaThread "Unconstrained build operations Thread 5" [_thread_blocked, id=27064, stack(0x000000046a700000,0x000000046a800000)]
  0x000001b3046bfab0 JavaThread "Unconstrained build operations Thread 6" [_thread_blocked, id=29408, stack(0x000000046a800000,0x000000046a900000)]
  0x000001b3046bbc20 JavaThread "Unconstrained build operations Thread 7" [_thread_blocked, id=36256, stack(0x000000046a900000,0x000000046aa00000)]
  0x000001b3046bca90 JavaThread "Unconstrained build operations Thread 8" [_thread_blocked, id=24000, stack(0x000000046aa00000,0x000000046ab00000)]
  0x000001b3046bff80 JavaThread "Unconstrained build operations Thread 9" [_thread_blocked, id=14428, stack(0x000000046ab00000,0x000000046ac00000)]
  0x000001b3046bc5c0 JavaThread "Unconstrained build operations Thread 10" [_thread_blocked, id=33800, stack(0x000000046ac00000,0x000000046ad00000)]
  0x000001b3046bcf60 JavaThread "Unconstrained build operations Thread 11" [_thread_blocked, id=5568, stack(0x000000046ad00000,0x000000046ae00000)]
  0x000001b3046c0450 JavaThread "Unconstrained build operations Thread 12" [_thread_blocked, id=4068, stack(0x000000046ae00000,0x000000046af00000)]
  0x000001b3046b9f40 JavaThread "Unconstrained build operations Thread 13" [_thread_blocked, id=36528, stack(0x000000046af00000,0x000000046b000000)]
  0x000001b3046c0df0 JavaThread "Unconstrained build operations Thread 14" [_thread_blocked, id=18108, stack(0x000000046b000000,0x000000046b100000)]
  0x000001b3046b95a0 JavaThread "Unconstrained build operations Thread 15" [_thread_blocked, id=22592, stack(0x000000046b100000,0x000000046b200000)]
  0x000001b3046b9a70 JavaThread "Unconstrained build operations Thread 16" [_thread_blocked, id=21756, stack(0x000000046b200000,0x000000046b300000)]
  0x000001b37df69a30 JavaThread "Unconstrained build operations Thread 17" [_thread_blocked, id=36460, stack(0x000000046b300000,0x000000046b400000)]
  0x000001b37df69090 JavaThread "Unconstrained build operations Thread 18" [_thread_blocked, id=32948, stack(0x000000046b400000,0x000000046b500000)]
  0x000001b37df69f00 JavaThread "Unconstrained build operations Thread 19" [_thread_blocked, id=34608, stack(0x000000046b500000,0x000000046b600000)]
  0x000001b37df6c580 JavaThread "Unconstrained build operations Thread 20" [_thread_blocked, id=20228, stack(0x000000046b600000,0x000000046b700000)]
  0x000001b37df6c0b0 JavaThread "Unconstrained build operations Thread 21" [_thread_blocked, id=33576, stack(0x000000046b700000,0x000000046b800000)]
  0x000001b37df6ca50 JavaThread "Unconstrained build operations Thread 22" [_thread_blocked, id=17036, stack(0x000000046b800000,0x000000046b900000)]

Other Threads:
  0x000001b37c8abe30 VMThread "VM Thread" [stack: 0x0000000467400000,0x0000000467500000] [id=27256]
  0x000001b3626874d0 WatcherThread [stack: 0x0000000468000000,0x0000000468100000] [id=17760]
  0x000001b36265d690 GCTaskThread "GC Thread#0" [stack: 0x0000000466f00000,0x0000000467000000] [id=38384]
  0x000001b37d5f02d0 GCTaskThread "GC Thread#1" [stack: 0x0000000468100000,0x0000000468200000] [id=34300]
  0x000001b37d5f0020 GCTaskThread "GC Thread#2" [stack: 0x0000000468200000,0x0000000468300000] [id=36004]
  0x000001b37d5f0830 GCTaskThread "GC Thread#3" [stack: 0x0000000468300000,0x0000000468400000] [id=31348]
  0x000001b37d5efd70 GCTaskThread "GC Thread#4" [stack: 0x0000000468400000,0x0000000468500000] [id=28388]
  0x000001b37d5ef000 GCTaskThread "GC Thread#5" [stack: 0x0000000468f00000,0x0000000469000000] [id=38672]
  0x000001b37d5ef2b0 GCTaskThread "GC Thread#6" [stack: 0x0000000469000000,0x0000000469100000] [id=37960]
  0x000001b37d5ef560 GCTaskThread "GC Thread#7" [stack: 0x0000000469100000,0x0000000469200000] [id=25032]
  0x000001b37d5efac0 GCTaskThread "GC Thread#8" [stack: 0x0000000469200000,0x0000000469300000] [id=16796]
  0x000001b37d5ef810 GCTaskThread "GC Thread#9" [stack: 0x0000000469300000,0x0000000469400000] [id=34124]
  0x000001b36266e5d0 ConcurrentGCThread "G1 Main Marker" [stack: 0x0000000467000000,0x0000000467100000] [id=8716]
  0x000001b36266efe0 ConcurrentGCThread "G1 Conc#0" [stack: 0x0000000467100000,0x0000000467200000] [id=38844]
  0x000001b37e9791d0 ConcurrentGCThread "G1 Conc#1" [stack: 0x0000000469400000,0x0000000469500000] [id=30912]
  0x000001b37e97a1f0 ConcurrentGCThread "G1 Conc#2" [stack: 0x0000000469500000,0x0000000469600000] [id=26428]
  0x000001b37c6f58e0 ConcurrentGCThread "G1 Refine#0" [stack: 0x0000000467200000,0x0000000467300000] [id=33856]
  0x000001b37c6f6320 ConcurrentGCThread "G1 Service" [stack: 0x0000000467300000,0x0000000467400000] [id=32632]

Threads with active compile tasks:
C2 CompilerThread0     9032 6313       4       java.util.zip.ZipFile$Source::initCEN (591 bytes)

VM state: not at safepoint (normal execution)

VM Mutex/Monitor currently owned by a thread: None

Heap address: 0x0000000080000000, size: 2048 MB, Compressed Oops mode: 32-bit

CDS archive(s) not mapped
Compressed class space mapped at: 0x0000000100000000-0x0000000140000000, reserved size: 1073741824
Narrow klass base: 0x0000000000000000, Narrow klass shift: 3, Narrow klass range: 0x140000000

GC Precious Log:
 CPUs: 12 total, 12 available
 Memory: 7501M
 Large Page Support: Disabled
 NUMA Support: Disabled
 Compressed Oops: Enabled (32-bit)
 Heap Region Size: 1M
 Heap Min Capacity: 8M
 Heap Initial Capacity: 118M
 Heap Max Capacity: 2G
 Pre-touch: Disabled
 Parallel Workers: 10
 Concurrent Workers: 3
 Concurrent Refinement Workers: 10
 Periodic GC: Disabled

Heap:
 garbage-first heap   total 86016K, used 55153K [0x0000000080000000, 0x0000000100000000)
  region size 1024K, 9 young (9216K), 2 survivors (2048K)
 Metaspace       used 57117K, committed 57664K, reserved 1114112K
  class space    used 7721K, committed 8000K, reserved 1048576K

Heap Regions: E=young(eden), S=young(survivor), O=old, HS=humongous(starts), HC=humongous(continues), CS=collection set, F=free, OA=open archive, CA=closed archive, TAMS=top-at-mark-start (previous, next)
|   0|0x0000000080000000, 0x0000000080100000, 0x0000000080100000|100%|HS|  |TAMS 0x0000000080100000, 0x0000000080000000| Complete 
|   1|0x0000000080100000, 0x0000000080200000, 0x0000000080200000|100%|HC|  |TAMS 0x0000000080200000, 0x0000000080100000| Complete 
|   2|0x0000000080200000, 0x0000000080300000, 0x0000000080300000|100%|HC|  |TAMS 0x0000000080300000, 0x0000000080200000| Complete 
|   3|0x0000000080300000, 0x0000000080400000, 0x0000000080400000|100%|HC|  |TAMS 0x0000000080400000, 0x0000000080300000| Complete 
|   4|0x0000000080400000, 0x0000000080500000, 0x0000000080500000|100%| O|  |TAMS 0x0000000080500000, 0x0000000080400000| Untracked 
|   5|0x0000000080500000, 0x0000000080600000, 0x0000000080600000|100%| O|  |TAMS 0x0000000080600000, 0x0000000080500000| Untracked 
|   6|0x0000000080600000, 0x0000000080700000, 0x0000000080700000|100%| O|  |TAMS 0x0000000080700000, 0x0000000080600000| Untracked 
|   7|0x0000000080700000, 0x0000000080800000, 0x0000000080800000|100%| O|  |TAMS 0x0000000080800000, 0x0000000080700000| Untracked 
|   8|0x0000000080800000, 0x0000000080900000, 0x0000000080900000|100%| O|  |TAMS 0x0000000080900000, 0x0000000080800000| Untracked 
|   9|0x0000000080900000, 0x0000000080a00000, 0x0000000080a00000|100%| O|  |TAMS 0x0000000080a00000, 0x0000000080900000| Untracked 
|  10|0x0000000080a00000, 0x0000000080ac1200, 0x0000000080b00000| 75%| O|  |TAMS 0x0000000080ac1200, 0x0000000080a00000| Untracked 
|  11|0x0000000080b00000, 0x0000000080c00000, 0x0000000080c00000|100%| O|  |TAMS 0x0000000080c00000, 0x0000000080b00000| Untracked 
|  12|0x0000000080c00000, 0x0000000080d00000, 0x0000000080d00000|100%| O|  |TAMS 0x0000000080d00000, 0x0000000080c00000| Untracked 
|  13|0x0000000080d00000, 0x0000000080e00000, 0x0000000080e00000|100%| O|  |TAMS 0x0000000080e00000, 0x0000000080d00000| Untracked 
|  14|0x0000000080e00000, 0x0000000080f00000, 0x0000000080f00000|100%| O|  |TAMS 0x0000000080f00000, 0x0000000080e00000| Untracked 
|  15|0x0000000080f00000, 0x0000000081000000, 0x0000000081000000|100%| O|  |TAMS 0x0000000081000000, 0x0000000080f00000| Untracked 
|  16|0x0000000081000000, 0x0000000081100000, 0x0000000081100000|100%| O|  |TAMS 0x0000000081100000, 0x0000000081000000| Untracked 
|  17|0x0000000081100000, 0x0000000081200000, 0x0000000081200000|100%| O|  |TAMS 0x0000000081200000, 0x0000000081100000| Untracked 
|  18|0x0000000081200000, 0x0000000081300000, 0x0000000081300000|100%| O|  |TAMS 0x0000000081300000, 0x0000000081200000| Untracked 
|  19|0x0000000081300000, 0x0000000081400000, 0x0000000081400000|100%| O|  |TAMS 0x0000000081400000, 0x0000000081300000| Untracked 
|  20|0x0000000081400000, 0x0000000081500000, 0x0000000081500000|100%| O|  |TAMS 0x0000000081500000, 0x0000000081400000| Untracked 
|  21|0x0000000081500000, 0x0000000081600000, 0x0000000081600000|100%| O|  |TAMS 0x0000000081600000, 0x0000000081500000| Untracked 
|  22|0x0000000081600000, 0x0000000081700000, 0x0000000081700000|100%| O|  |TAMS 0x0000000081700000, 0x0000000081600000| Untracked 
|  23|0x0000000081700000, 0x0000000081800000, 0x0000000081800000|100%| O|  |TAMS 0x0000000081800000, 0x0000000081700000| Untracked 
|  24|0x0000000081800000, 0x0000000081900000, 0x0000000081900000|100%| O|  |TAMS 0x0000000081900000, 0x0000000081800000| Untracked 
|  25|0x0000000081900000, 0x0000000081a00000, 0x0000000081a00000|100%| O|  |TAMS 0x0000000081a00000, 0x0000000081900000| Untracked 
|  26|0x0000000081a00000, 0x0000000081b00000, 0x0000000081b00000|100%| O|  |TAMS 0x0000000081b00000, 0x0000000081a00000| Untracked 
|  27|0x0000000081b00000, 0x0000000081c00000, 0x0000000081c00000|100%| O|  |TAMS 0x0000000081c00000, 0x0000000081b00000| Complete 
|  28|0x0000000081c00000, 0x0000000081d00000, 0x0000000081d00000|100%| O|  |TAMS 0x0000000081d00000, 0x0000000081c00000| Untracked 
|  29|0x0000000081d00000, 0x0000000081e00000, 0x0000000081e00000|100%| O|  |TAMS 0x0000000081e00000, 0x0000000081d00000| Untracked 
|  30|0x0000000081e00000, 0x0000000081f00000, 0x0000000081f00000|100%| O|  |TAMS 0x0000000081f00000, 0x0000000081e00000| Untracked 
|  31|0x0000000081f00000, 0x0000000082000000, 0x0000000082000000|100%| O|  |TAMS 0x0000000082000000, 0x0000000081f00000| Untracked 
|  32|0x0000000082000000, 0x0000000082100000, 0x0000000082100000|100%| O|  |TAMS 0x0000000082100000, 0x0000000082000000| Untracked 
|  33|0x0000000082100000, 0x0000000082200000, 0x0000000082200000|100%| O|  |TAMS 0x0000000082200000, 0x0000000082100000| Untracked 
|  34|0x0000000082200000, 0x0000000082300000, 0x0000000082300000|100%| O|  |TAMS 0x0000000082300000, 0x0000000082200000| Untracked 
|  35|0x0000000082300000, 0x0000000082400000, 0x0000000082400000|100%| O|  |TAMS 0x0000000082400000, 0x0000000082300000| Untracked 
|  36|0x0000000082400000, 0x0000000082500000, 0x0000000082500000|100%| O|  |TAMS 0x0000000082500000, 0x0000000082400000| Untracked 
|  37|0x0000000082500000, 0x0000000082600000, 0x0000000082600000|100%| O|  |TAMS 0x0000000082600000, 0x0000000082500000| Untracked 
|  38|0x0000000082600000, 0x0000000082700000, 0x0000000082700000|100%| O|  |TAMS 0x0000000082700000, 0x0000000082600000| Untracked 
|  39|0x0000000082700000, 0x0000000082800000, 0x0000000082800000|100%| O|  |TAMS 0x0000000082787a00, 0x0000000082700000| Untracked 
|  40|0x0000000082800000, 0x0000000082900000, 0x0000000082900000|100%|HS|  |TAMS 0x0000000082900000, 0x0000000082800000| Complete 
|  41|0x0000000082900000, 0x0000000082a00000, 0x0000000082a00000|100%|HS|  |TAMS 0x0000000082a00000, 0x0000000082900000| Complete 
|  42|0x0000000082a00000, 0x0000000082b00000, 0x0000000082b00000|100%|HS|  |TAMS 0x0000000082b00000, 0x0000000082a00000| Complete 
|  43|0x0000000082b00000, 0x0000000082c00000, 0x0000000082c00000|100%| O|  |TAMS 0x0000000082b00000, 0x0000000082b00000| Untracked 
|  44|0x0000000082c00000, 0x0000000082d00000, 0x0000000082d00000|100%| O|  |TAMS 0x0000000082c00000, 0x0000000082c00000| Untracked 
|  45|0x0000000082d00000, 0x0000000082d1b200, 0x0000000082e00000| 10%| O|  |TAMS 0x0000000082d00000, 0x0000000082d00000| Untracked 
|  46|0x0000000082e00000, 0x0000000082f00000, 0x0000000082f00000|100%|HS|  |TAMS 0x0000000082e00000, 0x0000000082e00000| Complete 
|  47|0x0000000082f00000, 0x0000000083000000, 0x0000000083000000|100%|HS|  |TAMS 0x0000000082f00000, 0x0000000082f00000| Complete 
|  48|0x0000000083000000, 0x0000000083000000, 0x0000000083100000|  0%| F|  |TAMS 0x0000000083000000, 0x0000000083000000| Untracked 
|  49|0x0000000083100000, 0x0000000083100000, 0x0000000083200000|  0%| F|  |TAMS 0x0000000083100000, 0x0000000083100000| Untracked 
|  50|0x0000000083200000, 0x0000000083200000, 0x0000000083300000|  0%| F|  |TAMS 0x0000000083200000, 0x0000000083200000| Untracked 
|  51|0x0000000083300000, 0x0000000083300000, 0x0000000083400000|  0%| F|  |TAMS 0x0000000083300000, 0x0000000083300000| Untracked 
|  52|0x0000000083400000, 0x0000000083400000, 0x0000000083500000|  0%| F|  |TAMS 0x0000000083400000, 0x0000000083400000| Untracked 
|  53|0x0000000083500000, 0x0000000083500000, 0x0000000083600000|  0%| F|  |TAMS 0x0000000083500000, 0x0000000083500000| Untracked 
|  54|0x0000000083600000, 0x0000000083600000, 0x0000000083700000|  0%| F|  |TAMS 0x0000000083600000, 0x0000000083600000| Untracked 
|  55|0x0000000083700000, 0x0000000083700000, 0x0000000083800000|  0%| F|  |TAMS 0x0000000083700000, 0x0000000083700000| Untracked 
|  56|0x0000000083800000, 0x0000000083800000, 0x0000000083900000|  0%| F|  |TAMS 0x0000000083800000, 0x0000000083800000| Untracked 
|  57|0x0000000083900000, 0x0000000083900000, 0x0000000083a00000|  0%| F|  |TAMS 0x0000000083900000, 0x0000000083900000| Untracked 
|  58|0x0000000083a00000, 0x0000000083a00000, 0x0000000083b00000|  0%| F|  |TAMS 0x0000000083a00000, 0x0000000083a00000| Untracked 
|  59|0x0000000083b00000, 0x0000000083b00000, 0x0000000083c00000|  0%| F|  |TAMS 0x0000000083b00000, 0x0000000083b00000| Untracked 
|  60|0x0000000083c00000, 0x0000000083c00000, 0x0000000083d00000|  0%| F|  |TAMS 0x0000000083c00000, 0x0000000083c00000| Untracked 
|  61|0x0000000083d00000, 0x0000000083d00000, 0x0000000083e00000|  0%| F|  |TAMS 0x0000000083d00000, 0x0000000083d00000| Untracked 
|  62|0x0000000083e00000, 0x0000000083e00000, 0x0000000083f00000|  0%| F|  |TAMS 0x0000000083e00000, 0x0000000083e00000| Untracked 
|  63|0x0000000083f00000, 0x0000000083f00000, 0x0000000084000000|  0%| F|  |TAMS 0x0000000083f00000, 0x0000000083f00000| Untracked 
|  64|0x0000000084000000, 0x0000000084000000, 0x0000000084100000|  0%| F|  |TAMS 0x0000000084000000, 0x0000000084000000| Untracked 
|  65|0x0000000084100000, 0x0000000084100000, 0x0000000084200000|  0%| F|  |TAMS 0x0000000084100000, 0x0000000084100000| Untracked 
|  66|0x0000000084200000, 0x0000000084200000, 0x0000000084300000|  0%| F|  |TAMS 0x0000000084200000, 0x0000000084200000| Untracked 
|  67|0x0000000084300000, 0x0000000084300000, 0x0000000084400000|  0%| F|  |TAMS 0x0000000084300000, 0x0000000084300000| Untracked 
|  68|0x0000000084400000, 0x0000000084400000, 0x0000000084500000|  0%| F|  |TAMS 0x0000000084400000, 0x0000000084400000| Untracked 
|  69|0x0000000084500000, 0x0000000084500000, 0x0000000084600000|  0%| F|  |TAMS 0x0000000084500000, 0x0000000084500000| Untracked 
|  70|0x0000000084600000, 0x0000000084600000, 0x0000000084700000|  0%| F|  |TAMS 0x0000000084600000, 0x0000000084600000| Untracked 
|  71|0x0000000084700000, 0x0000000084700000, 0x0000000084800000|  0%| F|  |TAMS 0x0000000084700000, 0x0000000084700000| Untracked 
|  72|0x0000000084800000, 0x0000000084800000, 0x0000000084900000|  0%| F|  |TAMS 0x0000000084800000, 0x0000000084800000| Untracked 
|  73|0x0000000084900000, 0x0000000084a00000, 0x0000000084a00000|100%| S|CS|TAMS 0x0000000084900000, 0x0000000084900000| Complete 
|  74|0x0000000084a00000, 0x0000000084b00000, 0x0000000084b00000|100%| S|CS|TAMS 0x0000000084a00000, 0x0000000084a00000| Complete 
|  75|0x0000000084b00000, 0x0000000084b00000, 0x0000000084c00000|  0%| F|  |TAMS 0x0000000084b00000, 0x0000000084b00000| Untracked 
|  76|0x0000000084c00000, 0x0000000084c00000, 0x0000000084d00000|  0%| F|  |TAMS 0x0000000084c00000, 0x0000000084c00000| Untracked 
|  77|0x0000000084d00000, 0x0000000084e00000, 0x0000000084e00000|100%| E|  |TAMS 0x0000000084d00000, 0x0000000084d00000| Complete 
|  78|0x0000000084e00000, 0x0000000084f00000, 0x0000000084f00000|100%| E|  |TAMS 0x0000000084e00000, 0x0000000084e00000| Complete 
|  79|0x0000000084f00000, 0x0000000085000000, 0x0000000085000000|100%| E|CS|TAMS 0x0000000084f00000, 0x0000000084f00000| Complete 
|  80|0x0000000085000000, 0x0000000085100000, 0x0000000085100000|100%| E|CS|TAMS 0x0000000085000000, 0x0000000085000000| Complete 
|  81|0x0000000085100000, 0x0000000085200000, 0x0000000085200000|100%| E|CS|TAMS 0x0000000085100000, 0x0000000085100000| Complete 
|  82|0x0000000085200000, 0x0000000085300000, 0x0000000085300000|100%| E|CS|TAMS 0x0000000085200000, 0x0000000085200000| Complete 
| 117|0x0000000087500000, 0x0000000087600000, 0x0000000087600000|100%| E|CS|TAMS 0x0000000087500000, 0x0000000087500000| Complete 

Card table byte_map: [0x000001b375420000,0x000001b375820000] _byte_map_base: 0x000001b375020000

Marking Bits (Prev, Next): (CMBitMap*) 0x000001b36265dca0, (CMBitMap*) 0x000001b36265dce0
 Prev Bits: [0x000001b375c20000, 0x000001b377c20000)
 Next Bits: [0x000001b377c20000, 0x000001b379c20000)

Polling page: 0x000001b361dc0000

Metaspace:

Usage:
  Non-class:     48.25 MB used.
      Class:      7.54 MB used.
       Both:     55.79 MB used.

Virtual space:
  Non-class space:       64.00 MB reserved,      48.50 MB ( 76%) committed,  1 nodes.
      Class space:        1.00 GB reserved,       7.81 MB ( <1%) committed,  1 nodes.
             Both:        1.06 GB reserved,      56.31 MB (  5%) committed. 

Chunk freelists:
   Non-Class:  15.44 MB
       Class:  8.17 MB
        Both:  23.61 MB

MaxMetaspaceSize: unlimited
CompressedClassSpaceSize: 1.00 GB
Initial GC threshold: 21.00 MB
Current GC threshold: 93.06 MB
CDS: off
MetaspaceReclaimPolicy: balanced
 - commit_granule_bytes: 65536.
 - commit_granule_words: 8192.
 - virtual_space_node_default_size: 8388608.
 - enlarge_chunks_in_place: 1.
 - new_chunks_are_fully_committed: 0.
 - uncommit_free_chunks: 1.
 - use_allocation_guard: 0.
 - handle_deallocations: 1.


Internal statistics:

num_allocs_failed_limit: 6.
num_arena_births: 632.
num_arena_deaths: 0.
num_vsnodes_births: 2.
num_vsnodes_deaths: 0.
num_space_committed: 901.
num_space_uncommitted: 0.
num_chunks_returned_to_freelist: 6.
num_chunks_taken_from_freelist: 2534.
num_chunk_merges: 3.
num_chunk_splits: 1680.
num_chunks_enlarged: 1145.
num_inconsistent_stats: 0.

CodeHeap 'non-profiled nmethods': size=120000Kb used=3250Kb max_used=3250Kb free=116749Kb
 bounds [0x000001b36d5a0000, 0x000001b36d8d0000, 0x000001b374ad0000]
CodeHeap 'profiled nmethods': size=120000Kb used=12238Kb max_used=12238Kb free=107761Kb
 bounds [0x000001b365ad0000, 0x000001b3666d0000, 0x000001b36d000000]
CodeHeap 'non-nmethods': size=5760Kb used=2318Kb max_used=2361Kb free=3441Kb
 bounds [0x000001b36d000000, 0x000001b36d270000, 0x000001b36d5a0000]
 total_blobs=7128 nmethods=6293 adapters=747
 compilation: enabled
              stopped_count=0, restarted_count=0
 full_count=0

Compilation events (20 events):
Event: 8.933 Thread 0x000001b37ca21bc0 nmethod 6310 0x000001b36d8cab90 code [0x000001b36d8cad20, 0x000001b36d8cadf8]
Event: 8.933 Thread 0x000001b37ca21bc0 6311       1       java.util.stream.Node::getChildCount (2 bytes)
Event: 8.933 Thread 0x000001b37ca21bc0 nmethod 6311 0x000001b36d8cae90 code [0x000001b36d8cb020, 0x000001b36d8cb0f8]
Event: 8.933 Thread 0x000001b37ca1eee0 6312       4       java.util.stream.AbstractSpinedBuffer::count (31 bytes)
Event: 8.934 Thread 0x000001b37ca1eee0 nmethod 6312 0x000001b36d8cb190 code [0x000001b36d8cb300, 0x000001b36d8cb3b8]
Event: 8.945 Thread 0x000001b37ca1eee0 6313       4       java.util.zip.ZipFile$Source::initCEN (591 bytes)
Event: 8.949 Thread 0x000001b37ca21bc0 6314       3       java.util.Arrays::sort (37 bytes)
Event: 8.949 Thread 0x000001b37ca21bc0 nmethod 6314 0x000001b3666bda90 code [0x000001b3666bdc40, 0x000001b3666bde38]
Event: 8.949 Thread 0x000001b37ca21bc0 6315   !   3       java.util.concurrent.ConcurrentHashMap::transfer (849 bytes)
Event: 8.950 Thread 0x000001b37ca21bc0 nmethod 6315 0x000001b3666bdf10 code [0x000001b3666be360, 0x000001b3666c0ad8]
Event: 8.966 Thread 0x000001b37ca21bc0 6316       1       com.google.common.collect.MapMakerInternalMap$StrongKeyWeakValueEntry::access$400 (5 bytes)
Event: 8.967 Thread 0x000001b37ca21bc0 nmethod 6316 0x000001b36d8cb490 code [0x000001b36d8cb620, 0x000001b36d8cb6d8]
Event: 8.967 Thread 0x000001b37ca21bc0 6317       1       com.google.common.collect.MapMakerInternalMap$StrongKeyWeakValueSegment::access$500 (5 bytes)
Event: 8.967 Thread 0x000001b37ca21bc0 nmethod 6317 0x000001b36d8cb790 code [0x000001b36d8cb920, 0x000001b36d8cb9d8]
Event: 8.970 Thread 0x000001b37ca21bc0 6318       1       java.util.zip.ZipFile$ZipFileInputStream::size (5 bytes)
Event: 8.970 Thread 0x000001b37ca21bc0 nmethod 6318 0x000001b36d8cba90 code [0x000001b36d8cbc20, 0x000001b36d8cbcf8]
Event: 8.973 Thread 0x000001b37ca21bc0 6319       3       com.google.common.collect.MapMakerInternalMap$StrongKeyWeakValueSegment::self (5 bytes)
Event: 8.973 Thread 0x000001b37ca21bc0 nmethod 6319 0x000001b3666c2310 code [0x000001b3666c24a0, 0x000001b3666c2618]
Event: 8.973 Thread 0x000001b37ca21bc0 6320       3       com.google.common.collect.MapMakerInternalMap$StrongKeyWeakValueSegment::self (2 bytes)
Event: 8.973 Thread 0x000001b37ca21bc0 nmethod 6320 0x000001b3666c2710 code [0x000001b3666c28a0, 0x000001b3666c29b8]

GC Heap History (20 events):
Event: 5.287 GC heap before
{Heap before GC invocations=10 (full 0):
 garbage-first heap   total 68608K, used 51949K [0x0000000080000000, 0x0000000100000000)
  region size 1024K, 29 young (29696K), 4 survivors (4096K)
 Metaspace       used 43056K, committed 43456K, reserved 1114112K
  class space    used 5785K, committed 5952K, reserved 1048576K
}
Event: 5.291 GC heap after
{Heap after GC invocations=11 (full 0):
 garbage-first heap   total 68608K, used 29957K [0x0000000080000000, 0x0000000100000000)
  region size 1024K, 3 young (3072K), 3 survivors (3072K)
 Metaspace       used 43056K, committed 43456K, reserved 1114112K
  class space    used 5785K, committed 5952K, reserved 1048576K
}
Event: 5.355 GC heap before
{Heap before GC invocations=11 (full 0):
 garbage-first heap   total 68608K, used 37125K [0x0000000080000000, 0x0000000100000000)
  region size 1024K, 9 young (9216K), 3 survivors (3072K)
 Metaspace       used 43478K, committed 43840K, reserved 1114112K
  class space    used 5831K, committed 6016K, reserved 1048576K
}
Event: 5.358 GC heap after
{Heap after GC invocations=12 (full 0):
 garbage-first heap   total 68608K, used 32320K [0x0000000080000000, 0x0000000100000000)
  region size 1024K, 1 young (1024K), 1 survivors (1024K)
 Metaspace       used 43478K, committed 43840K, reserved 1114112K
  class space    used 5831K, committed 6016K, reserved 1048576K
}
Event: 5.607 GC heap before
{Heap before GC invocations=13 (full 0):
 garbage-first heap   total 68608K, used 55872K [0x0000000080000000, 0x0000000100000000)
  region size 1024K, 22 young (22528K), 1 survivors (1024K)
 Metaspace       used 45680K, committed 46144K, reserved 1114112K
  class space    used 6078K, committed 6272K, reserved 1048576K
}
Event: 5.609 GC heap after
{Heap after GC invocations=14 (full 0):
 garbage-first heap   total 82944K, used 31136K [0x0000000080000000, 0x0000000100000000)
  region size 1024K, 2 young (2048K), 2 survivors (2048K)
 Metaspace       used 45680K, committed 46144K, reserved 1114112K
  class space    used 6078K, committed 6272K, reserved 1048576K
}
Event: 6.195 GC heap before
{Heap before GC invocations=14 (full 0):
 garbage-first heap   total 82944K, used 63904K [0x0000000080000000, 0x0000000100000000)
  region size 1024K, 34 young (34816K), 2 survivors (2048K)
 Metaspace       used 49284K, committed 49728K, reserved 1114112K
  class space    used 6657K, committed 6848K, reserved 1048576K
}
Event: 6.198 GC heap after
{Heap after GC invocations=15 (full 0):
 garbage-first heap   total 82944K, used 33164K [0x0000000080000000, 0x0000000100000000)
  region size 1024K, 4 young (4096K), 4 survivors (4096K)
 Metaspace       used 49284K, committed 49728K, reserved 1114112K
  class space    used 6657K, committed 6848K, reserved 1048576K
}
Event: 6.769 GC heap before
{Heap before GC invocations=15 (full 0):
 garbage-first heap   total 82944K, used 66956K [0x0000000080000000, 0x0000000100000000)
  region size 1024K, 35 young (35840K), 4 survivors (4096K)
 Metaspace       used 53607K, committed 54144K, reserved 1114112K
  class space    used 7259K, committed 7488K, reserved 1048576K
}
Event: 6.773 GC heap after
{Heap after GC invocations=16 (full 0):
 garbage-first heap   total 82944K, used 34766K [0x0000000080000000, 0x0000000100000000)
  region size 1024K, 4 young (4096K), 4 survivors (4096K)
 Metaspace       used 53607K, committed 54144K, reserved 1114112K
  class space    used 7259K, committed 7488K, reserved 1048576K
}
Event: 8.065 GC heap before
{Heap before GC invocations=16 (full 0):
 garbage-first heap   total 82944K, used 64462K [0x0000000080000000, 0x0000000100000000)
  region size 1024K, 34 young (34816K), 4 survivors (4096K)
 Metaspace       used 55946K, committed 56448K, reserved 1114112K
  class space    used 7572K, committed 7808K, reserved 1048576K
}
Event: 8.070 GC heap after
{Heap after GC invocations=17 (full 0):
 garbage-first heap   total 82944K, used 37880K [0x0000000080000000, 0x0000000100000000)
  region size 1024K, 5 young (5120K), 5 survivors (5120K)
 Metaspace       used 55946K, committed 56448K, reserved 1114112K
  class space    used 7572K, committed 7808K, reserved 1048576K
}
Event: 8.510 GC heap before
{Heap before GC invocations=17 (full 0):
 garbage-first heap   total 82944K, used 64504K [0x0000000080000000, 0x0000000100000000)
  region size 1024K, 32 young (32768K), 5 survivors (5120K)
 Metaspace       used 56453K, committed 57024K, reserved 1114112K
  class space    used 7619K, committed 7872K, reserved 1048576K
}
Event: 8.514 GC heap after
{Heap after GC invocations=18 (full 0):
 garbage-first heap   total 82944K, used 40283K [0x0000000080000000, 0x0000000100000000)
  region size 1024K, 3 young (3072K), 3 survivors (3072K)
 Metaspace       used 56453K, committed 57024K, reserved 1114112K
  class space    used 7619K, committed 7872K, reserved 1048576K
}
Event: 8.600 GC heap before
{Heap before GC invocations=18 (full 0):
 garbage-first heap   total 82944K, used 45403K [0x0000000080000000, 0x0000000100000000)
  region size 1024K, 9 young (9216K), 3 survivors (3072K)
 Metaspace       used 56615K, committed 57152K, reserved 1114112K
  class space    used 7646K, committed 7872K, reserved 1048576K
}
Event: 8.602 GC heap after
{Heap after GC invocations=19 (full 0):
 garbage-first heap   total 82944K, used 40895K [0x0000000080000000, 0x0000000100000000)
  region size 1024K, 1 young (1024K), 1 survivors (1024K)
 Metaspace       used 56615K, committed 57152K, reserved 1114112K
  class space    used 7646K, committed 7872K, reserved 1048576K
}
Event: 8.686 GC heap before
{Heap before GC invocations=20 (full 0):
 garbage-first heap   total 82944K, used 44991K [0x0000000080000000, 0x0000000100000000)
  region size 1024K, 4 young (4096K), 1 survivors (1024K)
 Metaspace       used 56693K, committed 57280K, reserved 1114112K
  class space    used 7657K, committed 7936K, reserved 1048576K
}
Event: 8.688 GC heap after
{Heap after GC invocations=21 (full 0):
 garbage-first heap   total 82944K, used 44007K [0x0000000080000000, 0x0000000100000000)
  region size 1024K, 2 young (2048K), 2 survivors (2048K)
 Metaspace       used 56693K, committed 57280K, reserved 1114112K
  class space    used 7657K, committed 7936K, reserved 1048576K
}
Event: 8.817 GC heap before
{Heap before GC invocations=22 (full 0):
 garbage-first heap   total 82944K, used 47079K [0x0000000080000000, 0x0000000100000000)
  region size 1024K, 6 young (6144K), 2 survivors (2048K)
 Metaspace       used 56703K, committed 57280K, reserved 1114112K
  class space    used 7657K, committed 7936K, reserved 1048576K
}
Event: 8.820 GC heap after
{Heap after GC invocations=23 (full 0):
 garbage-first heap   total 82944K, used 47985K [0x0000000080000000, 0x0000000100000000)
  region size 1024K, 2 young (2048K), 2 survivors (2048K)
 Metaspace       used 56703K, committed 57280K, reserved 1114112K
  class space    used 7657K, committed 7936K, reserved 1048576K
}

Dll operation events (3 events):
Event: 0.016 Loaded shared library C:\Program Files\Android\Android Studio\jbr\bin\java.dll
Event: 0.123 Loaded shared library C:\Program Files\Android\Android Studio\jbr\bin\zip.dll
Event: 0.461 Loaded shared library C:\Program Files\Android\Android Studio\jbr\bin\verify.dll

Deoptimization events (20 events):
Event: 8.648 Thread 0x000001b37eb84d50 Uncommon trap: trap_request=0xffffff45 fr.pc=0x000001b36d75b4a4 relative=0x00000000000000a4
Event: 8.648 Thread 0x000001b37eb84d50 Uncommon trap: reason=unstable_if action=reinterpret pc=0x000001b36d75b4a4 method=org.gradle.internal.agents.DefaultClassFileTransformer.transform(Ljava/lang/ClassLoader;Ljava/lang/String;Ljava/lang/Class;Ljava/security/ProtectionDomain;[B)[B @ 4 c2
Event: 8.648 Thread 0x000001b37eb84d50 DEOPT PACKING pc=0x000001b36d75b4a4 sp=0x0000000468bf5ab0
Event: 8.648 Thread 0x000001b37eb84d50 DEOPT UNPACKING pc=0x000001b36d0569a3 sp=0x0000000468bf5a50 mode 2
Event: 8.656 Thread 0x000001b37eb84d50 Uncommon trap: trap_request=0xffffffc6 fr.pc=0x000001b36d8626fc relative=0x00000000000001bc
Event: 8.656 Thread 0x000001b37eb84d50 Uncommon trap: reason=bimorphic_or_optimized_type_check action=maybe_recompile pc=0x000001b36d8626fc method=com.google.common.collect.ImmutableList.copyOf(Ljava/util/Collection;)Lcom/google/common/collect/ImmutableList; @ 16 c2
Event: 8.656 Thread 0x000001b37eb84d50 DEOPT PACKING pc=0x000001b36d8626fc sp=0x0000000468bf8eb0
Event: 8.656 Thread 0x000001b37eb84d50 DEOPT UNPACKING pc=0x000001b36d0569a3 sp=0x0000000468bf8e58 mode 2
Event: 8.656 Thread 0x000001b37eb84d50 Uncommon trap: trap_request=0xffffffc6 fr.pc=0x000001b36d8626fc relative=0x00000000000001bc
Event: 8.656 Thread 0x000001b37eb84d50 Uncommon trap: reason=bimorphic_or_optimized_type_check action=maybe_recompile pc=0x000001b36d8626fc method=com.google.common.collect.ImmutableList.copyOf(Ljava/util/Collection;)Lcom/google/common/collect/ImmutableList; @ 16 c2
Event: 8.656 Thread 0x000001b37eb84d50 DEOPT PACKING pc=0x000001b36d8626fc sp=0x0000000468bf8630
Event: 8.656 Thread 0x000001b37eb84d50 DEOPT UNPACKING pc=0x000001b36d0569a3 sp=0x0000000468bf85d8 mode 2
Event: 8.813 Thread 0x000001b37eb84d50 DEOPT PACKING pc=0x000001b365ba5ebd sp=0x0000000468bf6b40
Event: 8.813 Thread 0x000001b37eb84d50 DEOPT UNPACKING pc=0x000001b36d057143 sp=0x0000000468bf5fc8 mode 0
Event: 8.945 Thread 0x000001b37eb84d50 DEOPT PACKING pc=0x000001b365d2c2e9 sp=0x0000000468bf5e20
Event: 8.945 Thread 0x000001b37eb84d50 DEOPT UNPACKING pc=0x000001b36d057143 sp=0x0000000468bf53a0 mode 0
Event: 8.949 Thread 0x000001b37eb84d50 Uncommon trap: trap_request=0xffffffde fr.pc=0x000001b36d869da4 relative=0x00000000000029c4
Event: 8.949 Thread 0x000001b37eb84d50 Uncommon trap: reason=class_check action=maybe_recompile pc=0x000001b36d869da4 method=java.util.jar.JarFile.getManifestFromReference()Ljava/util/jar/Manifest; @ 152 c2
Event: 8.949 Thread 0x000001b37eb84d50 DEOPT PACKING pc=0x000001b36d869da4 sp=0x0000000468bf6910
Event: 8.949 Thread 0x000001b37eb84d50 DEOPT UNPACKING pc=0x000001b36d0569a3 sp=0x0000000468bf6820 mode 2

Classes unloaded (0 events):
No events

Classes redefined (0 events):
No events

Internal exceptions (20 events):
Event: 6.902 Thread 0x000001b37eb84d50 Exception <a 'java/lang/NoSuchMethodError'{0x000000008484e210}: 'java.lang.Object java.lang.invoke.DirectMethodHandle$Holder.newInvokeSpecial(java.lang.Object, java.lang.Object, java.lang.Object, java.lang.Object, java.lang.Object, int)'> (0x000000008484e210) 
thrown [s\src\hotspot\share\interpreter\linkResolver.cpp, line 771]
Event: 6.902 Thread 0x000001b37eb84d50 Exception <a 'java/lang/NoSuchMethodError'{0x0000000084853668}: 'java.lang.Object java.lang.invoke.DirectMethodHandle$Holder.invokeSpecial(java.lang.Object, java.lang.Object, java.lang.Object, java.lang.Object, java.lang.Object, java.lang.Object, int)'> (0x0000000084853668) 
thrown [s\src\hotspot\share\interpreter\linkResolver.cpp, line 771]
Event: 6.902 Thread 0x000001b37eb84d50 Exception <a 'java/lang/NoSuchMethodError'{0x0000000084858448}: 'java.lang.Object java.lang.invoke.Invokers$Holder.linkToTargetMethod(java.lang.Object, java.lang.Object, java.lang.Object, java.lang.Object, int, java.lang.Object)'> (0x0000000084858448) 
thrown [s\src\hotspot\share\interpreter\linkResolver.cpp, line 771]
Event: 6.910 Thread 0x000001b37eb84d50 Exception <a 'java/lang/NoSuchMethodError'{0x00000000848a5138}: 'java.lang.Object java.lang.invoke.DirectMethodHandle$Holder.invokeSpecial(java.lang.Object, java.lang.Object, java.lang.Object, java.lang.Object, java.lang.Object, long)'> (0x00000000848a5138) 
thrown [s\src\hotspot\share\interpreter\linkResolver.cpp, line 771]
Event: 6.912 Thread 0x000001b37eb84d50 Exception <a 'java/lang/NoSuchMethodError'{0x00000000848cf138}: 'void java.lang.invoke.DirectMethodHandle$Holder.invokeStatic(java.lang.Object, java.lang.Object, java.lang.Object, int, java.lang.Object)'> (0x00000000848cf138) 
thrown [s\src\hotspot\share\interpreter\linkResolver.cpp, line 771]
Event: 8.035 Thread 0x000001b37eb84d50 Exception <a 'java/lang/NoSuchMethodError'{0x000000008340da48}: 'java.lang.Object java.lang.invoke.DirectMethodHandle$Holder.newInvokeSpecial(java.lang.Object, java.lang.Object, java.lang.Object, java.lang.Object, int, java.lang.Object)'> (0x000000008340da48) 
thrown [s\src\hotspot\share\interpreter\linkResolver.cpp, line 771]
Event: 8.035 Thread 0x000001b37eb84d50 Exception <a 'java/lang/NoSuchMethodError'{0x0000000083412da0}: 'java.lang.Object java.lang.invoke.Invokers$Holder.linkToTargetMethod(java.lang.Object, java.lang.Object, java.lang.Object, int, java.lang.Object, java.lang.Object)'> (0x0000000083412da0) 
thrown [s\src\hotspot\share\interpreter\linkResolver.cpp, line 771]
Event: 8.521 Thread 0x000001b37eb84d50 Exception <a 'java/lang/NoSuchMethodError'{0x0000000087546e80}: 'long java.lang.invoke.DirectMethodHandle$Holder.invokeVirtual(java.lang.Object, java.lang.Object)'> (0x0000000087546e80) 
thrown [s\src\hotspot\share\interpreter\linkResolver.cpp, line 771]
Event: 8.526 Thread 0x000001b37eb843b0 Exception <a 'java/lang/NoSuchMethodError'{0x00000000875b4a90}: static Lorg/gradle/internal/build/event/types/DefaultOperationFinishedProgressEvent;.<clinit>()V> (0x00000000875b4a90) 
thrown [s\src\hotspot\share\prims\jni.cpp, line 1108]
Event: 8.528 Thread 0x000001b37eb843b0 Exception <a 'java/lang/NoSuchMethodError'{0x00000000875df368}: static Lorg/gradle/internal/build/event/types/DefaultProjectConfigurationSuccessResult;.<clinit>()V> (0x00000000875df368) 
thrown [s\src\hotspot\share\prims\jni.cpp, line 1108]
Event: 8.528 Thread 0x000001b37eb843b0 Exception <a 'java/lang/NoSuchMethodError'{0x00000000875e0900}: static Lorg/gradle/internal/build/event/types/AbstractProjectConfigurationResult;.<clinit>()V> (0x00000000875e0900) 
thrown [s\src\hotspot\share\prims\jni.cpp, line 1108]
Event: 8.528 Thread 0x000001b37eb843b0 Exception <a 'java/lang/NoSuchMethodError'{0x00000000875e2048}: static Lorg/gradle/internal/build/event/types/AbstractOperationResult;.<clinit>()V> (0x00000000875e2048) 
thrown [s\src\hotspot\share\prims\jni.cpp, line 1108]
Event: 8.528 Thread 0x000001b37eb843b0 Exception <a 'java/lang/NoSuchMethodError'{0x00000000875e34c0}: static Lorg/gradle/internal/build/event/types/AbstractResult;.<clinit>()V> (0x00000000875e34c0) 
thrown [s\src\hotspot\share\prims\jni.cpp, line 1108]
Event: 8.529 Thread 0x000001b37eb843b0 Exception <a 'java/lang/NoSuchMethodError'{0x00000000875fc130}: static Lorg/gradle/internal/build/event/types/DefaultPluginApplicationResult;.<clinit>()V> (0x00000000875fc130) 
thrown [s\src\hotspot\share\prims\jni.cpp, line 1108]
Event: 8.530 Thread 0x000001b37eb843b0 Exception <a 'java/lang/NoSuchMethodError'{0x0000000084f08fd8}: static Lorg/gradle/internal/build/event/types/DefaultBinaryPluginIdentifier;.<clinit>()V> (0x0000000084f08fd8) 
thrown [s\src\hotspot\share\prims\jni.cpp, line 1108]
Event: 8.531 Thread 0x000001b37eb843b0 Exception <a 'java/lang/NoSuchMethodError'{0x0000000084f22ea0}: static Lorg/gradle/internal/build/event/types/DefaultScriptPluginIdentifier;.<clinit>()V> (0x0000000084f22ea0) 
thrown [s\src\hotspot\share\prims\jni.cpp, line 1108]
Event: 8.593 Thread 0x000001b37eb84d50 Implicit null exception at 0x000001b36d84770f to 0x000001b36d847da0
Event: 8.931 Thread 0x000001b37eb84d50 Exception <a 'java/lang/ClassNotFoundException'{0x00000000852e00e8}: sun/misc/SharedSecrets> (0x00000000852e00e8) 
thrown [s\src\hotspot\share\classfile\systemDictionary.cpp, line 256]
Event: 8.931 Thread 0x000001b37eb84d50 Exception <a 'java/lang/ClassNotFoundException'{0x00000000852e16c0}: org/gradle/api/internal/plugins/DefaultObjectConfigurationActionBeanInfo> (0x00000000852e16c0) 
thrown [s\src\hotspot\share\classfile\systemDictionary.cpp, line 256]
Event: 8.932 Thread 0x000001b37eb84d50 Exception <a 'java/lang/ClassNotFoundException'{0x00000000852f5ac0}: org/gradle/api/internal/plugins/DefaultObjectConfigurationActionCustomizer> (0x00000000852f5ac0) 
thrown [s\src\hotspot\share\classfile\systemDictionary.cpp, line 256]

VM Operations (20 events):
Event: 8.510 Executing VM operation: G1CollectForAllocation
Event: 8.514 Executing VM operation: G1CollectForAllocation done
Event: 8.600 Executing VM operation: G1TryInitiateConcMark
Event: 8.602 Executing VM operation: G1TryInitiateConcMark done
Event: 8.620 Executing VM operation: G1Concurrent
Event: 8.623 Executing VM operation: G1Concurrent done
Event: 8.630 Executing VM operation: G1Concurrent
Event: 8.630 Executing VM operation: G1Concurrent done
Event: 8.686 Executing VM operation: G1TryInitiateConcMark
Event: 8.688 Executing VM operation: G1TryInitiateConcMark done
Event: 8.705 Executing VM operation: G1Concurrent
Event: 8.707 Executing VM operation: G1Concurrent done
Event: 8.714 Executing VM operation: G1Concurrent
Event: 8.715 Executing VM operation: G1Concurrent done
Event: 8.817 Executing VM operation: G1TryInitiateConcMark
Event: 8.820 Executing VM operation: G1TryInitiateConcMark done
Event: 8.837 Executing VM operation: G1Concurrent
Event: 8.839 Executing VM operation: G1Concurrent done
Event: 8.846 Executing VM operation: G1Concurrent
Event: 8.847 Executing VM operation: G1Concurrent done

Events (20 events):
Event: 8.076 Thread 0x000001b3046b95a0 Thread added: 0x000001b3046b95a0
Event: 8.079 Thread 0x000001b3046b9a70 Thread added: 0x000001b3046b9a70
Event: 8.081 loading class java/nio/channels/Channels
Event: 8.082 loading class java/nio/channels/Channels done
Event: 8.082 loading class sun/nio/ch/ChannelInputStream
Event: 8.082 Thread 0x000001b37df69a30 Thread added: 0x000001b37df69a30
Event: 8.083 loading class sun/nio/ch/ChannelInputStream done
Event: 8.086 Thread 0x000001b37df69090 Thread added: 0x000001b37df69090
Event: 8.090 Thread 0x000001b37df69f00 Thread added: 0x000001b37df69f00
Event: 8.093 Thread 0x000001b37df6c580 Thread added: 0x000001b37df6c580
Event: 8.095 Thread 0x000001b37df6c0b0 Thread added: 0x000001b37df6c0b0
Event: 8.100 Thread 0x000001b37df6ca50 Thread added: 0x000001b37df6ca50
Event: 8.523 loading class java/util/stream/SortedOps$RefSortingSink
Event: 8.523 loading class java/util/stream/SortedOps$RefSortingSink done
Event: 8.530 loading class java/time/Ser
Event: 8.531 loading class java/time/Ser done
Event: 8.931 loading class sun/misc/SharedSecrets
Event: 8.931 loading class sun/misc/SharedSecrets done
Event: 8.933 loading class jdk/internal/reflect/UnsafeObjectFieldAccessorImpl
Event: 8.934 loading class jdk/internal/reflect/UnsafeObjectFieldAccessorImpl done


Dynamic libraries:
0x00007ff7af3c0000 - 0x00007ff7af3ca000 	C:\Program Files\Android\Android Studio\jbr\bin\java.exe
0x00007ffff83b0000 - 0x00007ffff85c7000 	C:\WINDOWS\SYSTEM32\ntdll.dll
0x00007ffff6770000 - 0x00007ffff6834000 	C:\WINDOWS\System32\KERNEL32.DLL
0x00007ffff5680000 - 0x00007ffff5a3a000 	C:\WINDOWS\System32\KERNELBASE.dll
0x00007ffff5b10000 - 0x00007ffff5c21000 	C:\WINDOWS\System32\ucrtbase.dll
0x00007fffd1020000 - 0x00007fffd1037000 	C:\Program Files\Android\Android Studio\jbr\bin\jli.dll
0x00007fffcff30000 - 0x00007fffcff4b000 	C:\Program Files\Android\Android Studio\jbr\bin\VCRUNTIME140.dll
0x00007ffff6390000 - 0x00007ffff653e000 	C:\WINDOWS\System32\USER32.dll
0x00007ffff5ae0000 - 0x00007ffff5b06000 	C:\WINDOWS\System32\win32u.dll
0x00007ffff7c90000 - 0x00007ffff7cb9000 	C:\WINDOWS\System32\GDI32.dll
0x00007ffff5f90000 - 0x00007ffff60ab000 	C:\WINDOWS\System32\gdi32full.dll
0x00007ffff5a40000 - 0x00007ffff5ada000 	C:\WINDOWS\System32\msvcp_win.dll
0x00007ffff4960000 - 0x00007ffff4bf2000 	C:\WINDOWS\WinSxS\amd64_microsoft.windows.common-controls_6595b64144ccf1df_6.0.22621.4541_none_2710d1c57384c085\COMCTL32.dll
0x00007ffff66c0000 - 0x00007ffff6767000 	C:\WINDOWS\System32\msvcrt.dll
0x00007ffff7d60000 - 0x00007ffff7d91000 	C:\WINDOWS\System32\IMM32.DLL
0x00007fffe2400000 - 0x00007fffe240c000 	C:\Program Files\Android\Android Studio\jbr\bin\vcruntime140_1.dll
0x00007fffbd810000 - 0x00007fffbd89d000 	C:\Program Files\Android\Android Studio\jbr\bin\msvcp140.dll
0x00007fffadd20000 - 0x00007fffae9a0000 	C:\Program Files\Android\Android Studio\jbr\bin\server\jvm.dll
0x00007ffff6140000 - 0x00007ffff61f2000 	C:\WINDOWS\System32\ADVAPI32.dll
0x00007ffff68c0000 - 0x00007ffff6967000 	C:\WINDOWS\System32\sechost.dll
0x00007ffff5f60000 - 0x00007ffff5f88000 	C:\WINDOWS\System32\bcrypt.dll
0x00007ffff6b40000 - 0x00007ffff6c54000 	C:\WINDOWS\System32\RPCRT4.dll
0x00007fffef290000 - 0x00007fffef2c4000 	C:\WINDOWS\SYSTEM32\WINMM.dll
0x00007ffff3c60000 - 0x00007ffff3c6a000 	C:\WINDOWS\SYSTEM32\VERSION.dll
0x00007fffab050000 - 0x00007fffab059000 	C:\WINDOWS\SYSTEM32\WSOCK32.dll
0x00007ffff60b0000 - 0x00007ffff6121000 	C:\WINDOWS\System32\WS2_32.dll
0x00007ffff3780000 - 0x00007ffff3798000 	C:\WINDOWS\SYSTEM32\kernel.appcore.dll
0x00007ffff1120000 - 0x00007ffff112a000 	C:\Program Files\Android\Android Studio\jbr\bin\jimage.dll
0x00007ffff4ef0000 - 0x00007ffff5122000 	C:\WINDOWS\SYSTEM32\DBGHELP.DLL
0x00007ffff7fe0000 - 0x00007ffff836f000 	C:\WINDOWS\System32\combase.dll
0x00007ffff62b0000 - 0x00007ffff6387000 	C:\WINDOWS\System32\OLEAUT32.dll
0x00007ffff4de0000 - 0x00007ffff4e12000 	C:\WINDOWS\SYSTEM32\dbgcore.DLL
0x00007ffff5ee0000 - 0x00007ffff5f5b000 	C:\WINDOWS\System32\bcryptPrimitives.dll
0x00007ffff0000000 - 0x00007ffff000e000 	C:\Program Files\Android\Android Studio\jbr\bin\instrument.dll
0x00007fffdfa10000 - 0x00007fffdfa35000 	C:\Program Files\Android\Android Studio\jbr\bin\java.dll
0x00007fffdc700000 - 0x00007fffdc718000 	C:\Program Files\Android\Android Studio\jbr\bin\zip.dll
0x00007ffff7310000 - 0x00007ffff7b88000 	C:\WINDOWS\System32\SHELL32.dll
0x00007ffff2650000 - 0x00007ffff2f58000 	C:\WINDOWS\SYSTEM32\windows.storage.dll
0x00007ffff2510000 - 0x00007ffff264f000 	C:\WINDOWS\SYSTEM32\wintypes.dll
0x00007ffff7b90000 - 0x00007ffff7c8a000 	C:\WINDOWS\System32\SHCORE.dll
0x00007ffff6860000 - 0x00007ffff68be000 	C:\WINDOWS\System32\shlwapi.dll
0x00007ffff55b0000 - 0x00007ffff55db000 	C:\WINDOWS\SYSTEM32\profapi.dll
0x00007fffdc6e0000 - 0x00007fffdc6f9000 	C:\Program Files\Android\Android Studio\jbr\bin\net.dll
0x00007ffff0e00000 - 0x00007ffff0f36000 	C:\WINDOWS\SYSTEM32\WINHTTP.dll
0x00007ffff3b70000 - 0x00007ffff3bd9000 	C:\WINDOWS\system32\mswsock.dll
0x00007fffd1040000 - 0x00007fffd1056000 	C:\Program Files\Android\Android Studio\jbr\bin\nio.dll
0x00007ffff06b0000 - 0x00007ffff06c0000 	C:\Program Files\Android\Android Studio\jbr\bin\verify.dll
0x00007fffd1df0000 - 0x00007fffd1e17000 	C:\Users\NR\.gradle\native\c067742578af261105cb4f569cf0c3c89f3d7b1fecec35dd04571415982c5e48\windows-amd64\native-platform.dll
0x00007fffbaa40000 - 0x00007fffbab84000 	C:\Users\NR\.gradle\native\38dada09dfb8b06ba9b0570ebf7e218e3eb74d4ef43ca46872605cf95ebc2f47\windows-amd64\native-platform-file-events.dll
0x00007ffff0170000 - 0x00007ffff0179000 	C:\Program Files\Android\Android Studio\jbr\bin\management.dll
0x00007ffff0030000 - 0x00007ffff003b000 	C:\Program Files\Android\Android Studio\jbr\bin\management_ext.dll
0x00007ffff7e10000 - 0x00007ffff7e18000 	C:\WINDOWS\System32\PSAPI.DLL
0x00007ffff5230000 - 0x00007ffff524b000 	C:\WINDOWS\SYSTEM32\CRYPTSP.dll
0x00007ffff36c0000 - 0x00007ffff36f5000 	C:\WINDOWS\system32\rsaenh.dll
0x00007ffff3cd0000 - 0x00007ffff3cf8000 	C:\WINDOWS\SYSTEM32\USERENV.dll
0x00007ffff3e30000 - 0x00007ffff3e3c000 	C:\WINDOWS\SYSTEM32\CRYPTBASE.dll
0x00007ffff31c0000 - 0x00007ffff31ed000 	C:\WINDOWS\SYSTEM32\IPHLPAPI.DLL
0x00007ffff6cd0000 - 0x00007ffff6cd9000 	C:\WINDOWS\System32\NSI.dll
0x00007ffff04a0000 - 0x00007ffff04b9000 	C:\WINDOWS\SYSTEM32\dhcpcsvc6.DLL
0x00007ffff0480000 - 0x00007ffff049f000 	C:\WINDOWS\SYSTEM32\dhcpcsvc.DLL
0x00007ffff31f0000 - 0x00007ffff32f2000 	C:\WINDOWS\SYSTEM32\DNSAPI.dll
0x00007fffd8b50000 - 0x00007fffd8b58000 	C:\WINDOWS\system32\wshunix.dll

dbghelp: loaded successfully - version: 4.0.5 - missing functions: none
symbol engine: initialized successfully - sym options: 0x614 - pdb path: .;C:\Program Files\Android\Android Studio\jbr\bin;C:\WINDOWS\SYSTEM32;C:\WINDOWS\WinSxS\amd64_microsoft.windows.common-controls_6595b64144ccf1df_6.0.22621.4541_none_2710d1c57384c085;C:\Program Files\Android\Android Studio\jbr\bin\server;C:\Users\NR\.gradle\native\c067742578af261105cb4f569cf0c3c89f3d7b1fecec35dd04571415982c5e48\windows-amd64;C:\Users\NR\.gradle\native\38dada09dfb8b06ba9b0570ebf7e218e3eb74d4ef43ca46872605cf95ebc2f47\windows-amd64

VM Arguments:
jvm_args: --add-opens=java.base/java.util=ALL-UNNAMED --add-opens=java.base/java.lang=ALL-UNNAMED --add-opens=java.base/java.lang.invoke=ALL-UNNAMED --add-opens=java.prefs/java.util.prefs=ALL-UNNAMED --add-opens=java.base/java.nio.charset=ALL-UNNAMED --add-opens=java.base/java.net=ALL-UNNAMED --add-opens=java.base/java.util.concurrent.atomic=ALL-UNNAMED -Xmx2048m -Dfile.encoding=UTF-8 -Duser.country=IN -Duser.language=en -Duser.variant -javaagent:C:\Users\NR\.gradle\wrapper\dists\gradle-8.7-bin\bhs2wmbdwecv87pi65oeuq5iu\gradle-8.7\lib\agents\gradle-instrumentation-agent-8.7.jar 
java_command: org.gradle.launcher.daemon.bootstrap.GradleDaemon 8.7
java_class_path (initial): C:\Users\NR\.gradle\wrapper\dists\gradle-8.7-bin\bhs2wmbdwecv87pi65oeuq5iu\gradle-8.7\lib\gradle-launcher-8.7.jar
Launcher Type: SUN_STANDARD

[Global flags]
     intx CICompilerCount                          = 4                                         {product} {ergonomic}
     uint ConcGCThreads                            = 3                                         {product} {ergonomic}
     uint G1ConcRefinementThreads                  = 10                                        {product} {ergonomic}
   size_t G1HeapRegionSize                         = 1048576                                   {product} {ergonomic}
    uintx GCDrainStackTargetSize                   = 64                                        {product} {ergonomic}
   size_t InitialHeapSize                          = 123731968                                 {product} {ergonomic}
   size_t MarkStackSize                            = 4194304                                   {product} {ergonomic}
   size_t MaxHeapSize                              = 2147483648                                {product} {command line}
   size_t MaxNewSize                               = 1287651328                                {product} {ergonomic}
   size_t MinHeapDeltaBytes                        = 1048576                                   {product} {ergonomic}
   size_t MinHeapSize                              = 8388608                                   {product} {ergonomic}
    uintx NonNMethodCodeHeapSize                   = 5839372                                {pd product} {ergonomic}
    uintx NonProfiledCodeHeapSize                  = 122909434                              {pd product} {ergonomic}
    uintx ProfiledCodeHeapSize                     = 122909434                              {pd product} {ergonomic}
    uintx ReservedCodeCacheSize                    = 251658240                              {pd product} {ergonomic}
     bool SegmentedCodeCache                       = true                                      {product} {ergonomic}
   size_t SoftMaxHeapSize                          = 2147483648                             {manageable} {ergonomic}
     bool UseCompressedClassPointers               = true                           {product lp64_product} {ergonomic}
     bool UseCompressedOops                        = true                           {product lp64_product} {ergonomic}
     bool UseG1GC                                  = true                                      {product} {ergonomic}
     bool UseLargePagesIndividualAllocation        = false                                  {pd product} {ergonomic}

Logging:
Log output configuration:
 #0: stdout all=warning uptime,level,tags
 #1: stderr all=off uptime,level,tags

Environment Variables:
PATH=C:\Users\NR\Scripts\;C:\Users\NR\;C:\oraclexe\app\oracle\product\11.2.0\server\bin;C:\Program Files (x86)\VMware\VMware Workstation\bin\;C:\Program Files\Common Files\Oracle\Java\javapath;C:\WINDOWS\system32;C:\WINDOWS;C:\WINDOWS\System32\Wbem;C:\WINDOWS\System32\WindowsPowerShell\v1.0\;C:\WINDOWS\System32\OpenSSH\;C:\MinGW\bin;C:\Program Files\MATLAB\R2016a\runtime\win64;C:\Program Files\MATLAB\R2016a\bin;C:\Program Files\MATLAB\R2016a\polyspace\bin;C:\Program Files\MySQL\MySQL Server 8.0\bin;C:\Program Files\HP\HP One Agent;C:\Users\NR\Scripts;D:\xammpp\php;C:\Users\NR\AppData\Local\Microsoft\WindowsApps;F:\Microsoft VS Code\bin;D:\Git\cmd;D:\Git\mingw64\bin;D:\Git\usr\bin
USERNAME=NR
OS=Windows_NT
PROCESSOR_IDENTIFIER=AMD64 Family 23 Model 104 Stepping 1, AuthenticAMD
TMP=C:\Users\NR\AppData\Local\Temp
TEMP=C:\Users\NR\AppData\Local\Temp


JNI global refs:
JNI global refs: 25, weak refs: 0

JNI global refs memory usage: 843, weak refs: 841

OOME stack traces (most recent first):
Classloader memory used:
Loader org.gradle.internal.classloader.VisitableURLClassLoader                         : 3485K
Loader bootstrap                                                                       : 2423K
Loader org.gradle.initialization.MixInLegacyTypesClassLoader                           : 1065K
Loader jdk.internal.loader.ClassLoaders$PlatformClassLoader                            : 66758B
Loader org.gradle.internal.classloader.VisitableURLClassLoader$InstrumentingVisitableURLClassLoader: 58856B
Loader jdk.internal.loader.ClassLoaders$AppClassLoader                                 : 28764B
Loader jdk.internal.reflect.DelegatingClassLoader                                      : 14109B
Loader org.gradle.internal.classloader.VisitableURLClassLoader                         : 4817B
Loader org.gradle.groovy.scripts.internal.DefaultScriptCompilationHandler$ScriptClassLoader: 1885B
Loader org.codehaus.groovy.runtime.callsite.CallSiteClassLoader                        : 356B

Classes loaded by more than one classloader:
Class Program                                                                         : loaded 4 times (x 72B)
Class com.google.common.collect.SingletonImmutableList                                : loaded 2 times (x 167B)
Class org.gradle.internal.classpath.ClassPath                                         : loaded 2 times (x 68B)
Class org.gradle.api.internal.classpath.DefaultModuleRegistry                         : loaded 2 times (x 84B)
Class Settings_gradle$1$1                                                             : loaded 2 times (x 72B)
Class com.google.common.base.CharMatcher$JavaDigit                                    : loaded 2 times (x 109B)
Class com.google.common.base.CharMatcher$Digit                                        : loaded 2 times (x 110B)
Class org.gradle.api.Action                                                           : loaded 2 times (x 68B)
Class com.google.common.collect.Lists$StringAsImmutableList                           : loaded 2 times (x 167B)
Class com.google.common.base.CharMatcher                                              : loaded 2 times (x 109B)
Class com.google.common.base.CharMatcher$IsNot                                        : loaded 2 times (x 109B)
Class com.google.common.base.Splitter                                                 : loaded 2 times (x 70B)
Class org.gradle.api.internal.DefaultClassPathProvider                                : loaded 2 times (x 74B)
Class org.gradle.internal.installation.GradleInstallation$1                           : loaded 2 times (x 73B)
Class com.google.common.base.CharMatcher$BitSetMatcher                                : loaded 2 times (x 110B)
Class com.google.common.base.Predicate                                                : loaded 2 times (x 68B)
Class org.gradle.internal.classloader.FilteringClassLoader                            : loaded 2 times (x 102B)
Class org.gradle.internal.classpath.DefaultClassPath$ImmutableUniqueList$Builder      : loaded 2 times (x 73B)
Class com.google.common.base.CharMatcher$InRange                                      : loaded 2 times (x 109B)
Class com.google.common.collect.Lists                                                 : loaded 2 times (x 69B)
Class org.gradle.internal.classloader.ClassLoaderVisitor                              : loaded 2 times (x 74B)
Class org.gradle.internal.service.DefaultServiceLocator                               : loaded 2 times (x 81B)
Class org.gradle.internal.service.UnknownServiceException                             : loaded 2 times (x 81B)
Class org.gradle.internal.classloader.DefaultClassLoaderFactory                       : loaded 2 times (x 80B)
Class com.google.common.collect.UnmodifiableIterator                                  : loaded 2 times (x 78B)
Class com.google.common.base.CharMatcher$SingleWidth                                  : loaded 2 times (x 110B)
Class com.google.common.base.JdkPattern                                               : loaded 2 times (x 73B)
Class org.gradle.internal.classloader.VisitableURLClassLoader$Spec                    : loaded 2 times (x 72B)
Class org.gradle.api.GradleException                                                  : loaded 2 times (x 80B)
Class com.google.common.base.CharMatcher$JavaLetterOrDigit                            : loaded 2 times (x 109B)
Class org.gradle.api.internal.classpath.ModuleRegistry                                : loaded 2 times (x 68B)
Class com.google.common.collect.ImmutableCollection                                   : loaded 2 times (x 123B)
Class org.gradle.api.internal.ClassPathProvider                                       : loaded 2 times (x 68B)
Class org.gradle.internal.classloader.ClasspathUtil$1                                 : loaded 2 times (x 74B)
Class com.google.common.collect.ImmutableList$ReverseImmutableList                    : loaded 2 times (x 168B)
Class org.gradle.internal.classloader.ClassLoaderFactory                              : loaded 2 times (x 68B)
Class com.google.common.collect.ObjectArrays                                          : loaded 2 times (x 69B)
Class com.google.common.collect.ImmutableList                                         : loaded 2 times (x 166B)
Class org.gradle.api.internal.classpath.ManifestUtil                                  : loaded 2 times (x 69B)
Class org.gradle.api.specs.Spec                                                       : loaded 2 times (x 68B)
Class com.google.common.base.CharMatcher$Whitespace                                   : loaded 2 times (x 110B)
Class com.google.common.base.Preconditions                                            : loaded 2 times (x 69B)
Class org.gradle.internal.IoActions                                                   : loaded 2 times (x 69B)
Class com.google.common.collect.CollectPreconditions                                  : loaded 2 times (x 69B)
Class com.google.common.collect.AbstractIndexedListIterator                           : loaded 2 times (x 94B)
Class com.google.common.base.CharMatcher$None                                         : loaded 2 times (x 110B)
Class org.gradle.api.internal.classpath.EffectiveClassPath                            : loaded 2 times (x 88B)
Class com.google.common.collect.UnmodifiableListIterator                              : loaded 2 times (x 93B)
Class com.google.common.collect.ImmutableList$1                                       : loaded 2 times (x 95B)
Class com.google.common.base.Splitter$Strategy                                        : loaded 2 times (x 68B)
Class org.gradle.internal.installation.CurrentGradleInstallation                      : loaded 2 times (x 71B)
Class org.gradle.internal.agents.InstrumentingClassLoader                             : loaded 2 times (x 68B)
Class org.gradle.internal.installation.CurrentGradleInstallationLocator               : loaded 2 times (x 69B)
Class org.gradle.api.internal.classpath.Module                                        : loaded 2 times (x 68B)
Class com.google.common.base.Splitter$1$1                                             : loaded 2 times (x 84B)
Class org.gradle.internal.service.CachingServiceLocator                               : loaded 2 times (x 80B)
Class org.gradle.internal.classpath.DefaultClassPath                                  : loaded 2 times (x 88B)
Class com.google.common.base.Splitter$SplittingIterator                               : loaded 2 times (x 82B)
Class com.google.common.base.CharMatcher$Is                                           : loaded 2 times (x 109B)
Class com.google.common.collect.RegularImmutableAsList                                : loaded 2 times (x 176B)
Class org.gradle.internal.classloader.SystemClassLoaderSpec                           : loaded 2 times (x 69B)
Class [Lcom.google.common.base.AbstractIterator$State;                                : loaded 2 times (x 67B)
Class com.google.common.base.AbstractIterator                                         : loaded 2 times (x 78B)
Class com.google.common.base.AbstractIterator$1                                       : loaded 2 times (x 69B)
Class com.google.common.base.CharMatcher$1                                            : loaded 2 times (x 111B)
Class com.google.common.base.CharMatcher$Ascii                                        : loaded 2 times (x 110B)
Class org.gradle.api.UncheckedIOException                                             : loaded 2 times (x 80B)
Class com.google.common.base.CharMatcher$And                                          : loaded 2 times (x 110B)
Class com.google.common.base.CharMatcher$Any                                          : loaded 2 times (x 110B)
Class org.gradle.internal.installation.GradleInstallation                             : loaded 2 times (x 73B)
Class com.google.common.base.CharMatcher$RangesMatcher                                : loaded 2 times (x 110B)
Class com.google.common.collect.ImmutableList$SubList                                 : loaded 2 times (x 168B)
Class org.gradle.internal.classloader.ClasspathUtil                                   : loaded 2 times (x 69B)
Class com.google.common.base.Splitter$1                                               : loaded 2 times (x 75B)
Class org.gradle.api.internal.DefaultClassPathRegistry                                : loaded 2 times (x 74B)
Class org.gradle.api.internal.classpath.DefaultModuleRegistry$DefaultModule           : loaded 2 times (x 84B)
Class com.google.common.base.CharMatcher$JavaIsoControl                               : loaded 2 times (x 110B)
Class com.google.common.base.CharMatcher$Or                                           : loaded 2 times (x 110B)
Class com.google.common.base.CharMatcher$JavaLowerCase                                : loaded 2 times (x 109B)
Class org.gradle.api.internal.classpath.UnknownModuleException                        : loaded 2 times (x 80B)
Class com.google.common.base.CommonPattern                                            : loaded 2 times (x 72B)
Class org.gradle.internal.service.ServiceLookupException                              : loaded 2 times (x 80B)
Class org.gradle.cache.GlobalCache                                                    : loaded 2 times (x 68B)
Class com.google.common.base.CharMatcher$NegatedFastMatcher                           : loaded 2 times (x 111B)
Class [Lorg.gradle.api.internal.ClassPathProvider;                                    : loaded 2 times (x 67B)
Class org.gradle.util.internal.GUtil                                                  : loaded 2 times (x 69B)
Class org.gradle.internal.classloader.ClassLoaderSpec                                 : loaded 2 times (x 69B)
Class com.google.common.base.NullnessCasts                                            : loaded 2 times (x 69B)
Class com.google.common.base.CharMatcher$Negated                                      : loaded 2 times (x 111B)
Class com.google.common.base.CharMatcher$ForPredicate                                 : loaded 2 times (x 110B)
Class org.gradle.internal.classloader.VisitableURLClassLoader                         : loaded 2 times (x 114B)
Class org.gradle.internal.Cast                                                        : loaded 2 times (x 69B)
Class org.gradle.api.internal.ClassPathRegistry                                       : loaded 2 times (x 68B)
Class org.gradle.internal.classloader.VisitableURLClassLoader$InstrumentingVisitableURLClassLoader: loaded 2 times (x 120B)
Class org.gradle.internal.classloader.ClassLoaderHierarchy                            : loaded 2 times (x 68B)
Class com.google.common.base.AbstractIterator$State                                   : loaded 2 times (x 77B)
Class com.google.common.base.CharMatcher$NamedFastMatcher                             : loaded 2 times (x 110B)
Class org.gradle.internal.InternalTransformer                                         : loaded 2 times (x 68B)
Class org.gradle.internal.service.ServiceLocator                                      : loaded 2 times (x 68B)
Class Settings_gradle$1                                                               : loaded 2 times (x 72B)
Class com.google.common.base.CharMatcher$Invisible                                    : loaded 2 times (x 110B)
Class com.google.common.base.CharMatcher$FastMatcher                                  : loaded 2 times (x 109B)
Class org.gradle.internal.classpath.DefaultClassPath$ImmutableUniqueList              : loaded 2 times (x 159B)
Class com.google.common.base.CharMatcher$JavaLetter                                   : loaded 2 times (x 109B)
Class org.gradle.internal.classpath.TransformedClassPath                              : loaded 2 times (x 94B)
Class Settings_gradle                                                                 : loaded 2 times (x 126B)
Class com.google.common.collect.ImmutableAsList                                       : loaded 2 times (x 169B)
Class com.google.common.base.CharMatcher$AnyOf                                        : loaded 2 times (x 110B)
Class com.google.common.base.CharMatcher$IsEither                                     : loaded 2 times (x 109B)
Class com.google.common.collect.RegularImmutableList                                  : loaded 2 times (x 172B)
Class com.google.common.base.CharMatcher$JavaUpperCase                                : loaded 2 times (x 109B)


---------------  S Y S T E M  ---------------

OS:
 Windows 11 , 64 bit Build 22621 (10.0.22621.4391)
OS uptime: 12 days 23:05 hours
Hyper-V role detected

CPU: total 12 (initial active 12) (12 cores per cpu, 2 threads per core) family 23 model 104 stepping 1 microcode 0x0, cx8, cmov, fxsr, ht, mmx, 3dnowpref, sse, sse2, sse3, ssse3, sse4a, sse4.1, sse4.2, popcnt, lzcnt, tsc, tscinvbit, avx, avx2, aes, clmul, bmi1, bmi2, adx, sha, fma, vzeroupper, clflush, clflushopt, hv

Memory: 4k page, system-wide physical 7501M (234M free)
TotalPageFile size 30029M (AvailPageFile size 6M)
current process WorkingSet (physical memory assigned to process): 254M, peak: 254M
current process commit charge ("private bytes"): 292M, peak: 293M

vm_info: OpenJDK 64-Bit Server VM (17.0.7+0-b2043.56-10550314) for windows-amd64 JRE (17.0.7+0-b2043.56-10550314), built on Jul 24 2023 18:27:45 by "androidbuild" with MS VC++ 16.10 / 16.11 (VS2019)

END.
